<?xml version="1.0" encoding="UTF-8"?>
<!-- Generated by org.testng.reporters.JUnitXMLReporter -->
<testsuite hostname="xuyaovs-PC" ignored="0" name="Default test" tests="1" failures="0" timestamp="06 三月 2018 02:47:49 GMT" time="0.028" errors="0">
  <testcase name="@BeforeTest beforeTest" time="0.0" classname="com.zhaopin.uitest.base.TestBase">
    <failure type="org.testng.TestNGException" message="
Parameter &amp;apos;broswerType&amp;apos; is required by BeforeTest on method beforeTest but has not been marked @Optional or defined
in C:\Users\xuyao\AppData\Local\Temp\testng-eclipse-1871785569\testng-customsuite.xml">
      <![CDATA[org.testng.TestNGException: 
Parameter 'broswerType' is required by BeforeTest on method beforeTest but has not been marked @Optional or defined
in C:\Users\xuyao\AppData\Local\Temp\testng-eclipse-1871785569\testng-customsuite.xml
	at org.testng.internal.Parameters.createParameters(Parameters.java:199)
	at org.testng.internal.Parameters.createParameters(Parameters.java:443)
	at org.testng.internal.Parameters.createConfigurationParameters(Parameters.java:118)
	at org.testng.internal.Invoker.invokeConfigurations(Invoker.java:203)
	at org.testng.internal.Invoker.invokeConfigurations(Invoker.java:144)
	at org.testng.TestRunner.beforeRun(TestRunner.java:634)
	at org.testng.TestRunner.run(TestRunner.java:602)
	at org.testng.SuiteRunner.runTest(SuiteRunner.java:387)
	at org.testng.SuiteRunner.runSequentially(SuiteRunner.java:382)
	at org.testng.SuiteRunner.privateRun(SuiteRunner.java:340)
	at org.testng.SuiteRunner.run(SuiteRunner.java:289)
	at org.testng.SuiteRunnerWorker.runSuite(SuiteRunnerWorker.java:52)
	at org.testng.SuiteRunnerWorker.run(SuiteRunnerWorker.java:86)
	at org.testng.TestNG.runSuitesSequentially(TestNG.java:1293)
	at org.testng.TestNG.runSuitesLocally(TestNG.java:1218)
	at org.testng.TestNG.runSuites(TestNG.java:1133)
	at org.testng.TestNG.run(TestNG.java:1104)
	at org.testng.remote.AbstractRemoteTestNG.run(AbstractRemoteTestNG.java:132)
	at org.testng.remote.RemoteTestNG.initAndRun(RemoteTestNG.java:230)
	at org.testng.remote.RemoteTestNG.main(RemoteTestNG.java:76)
]]>
    </failure>
  </testcase> <!-- @BeforeTest beforeTest -->
  <testcase name="@BeforeClass beforeClass" time="0.0" classname="com.zhaopin.uitest.base.TestBase">
    <skipped/>
  </testcase> <!-- @BeforeClass beforeClass -->
  <testcase name="@AfterTest afterTest" time="0.0" classname="com.zhaopin.uitest.base.TestBase">
    <skipped/>
  </testcase> <!-- @AfterTest afterTest -->
  <testcase name="loginIhr" time="0.001" classname="com.zhaopin.uitest.cases.LoginIHR">
    <skipped/>
  </testcase> <!-- loginIhr -->
</testsuite> <!-- Default test -->
